2014-03-04 17:17:39 error tj3webd[9571]: You must set an authentication key in the configuration file. Create a file
named .taskjugglerrc or taskjuggler.rc that contains at least the following
lines. Replace 'your_secret_key' with some random character sequence.

_global:
  authKey: your_secret_key

2014-03-04 17:17:46 error tj3webd[9571]: You must set an authentication key in the configuration file. Create a file
named .taskjugglerrc or taskjuggler.rc that contains at least the following
lines. Replace 'your_secret_key' with some random character sequence.

_global:
  authKey: your_secret_key

2014-03-04 17:17:56 error tj3webd[9571]: You must set an authentication key in the configuration file. Create a file
named .taskjugglerrc or taskjuggler.rc that contains at least the following
lines. Replace 'your_secret_key' with some random character sequence.

_global:
  authKey: your_secret_key

2014-03-04 17:18:38 error tj3webd[9571]: You must set an authentication key in the configuration file. Create a file
named .taskjugglerrc or taskjuggler.rc that contains at least the following
lines. Replace 'your_secret_key' with some random character sequence.

_global:
  authKey: your_secret_key

2014-03-04 17:18:43 error tj3webd[9571]: You must set an authentication key in the configuration file. Create a file
named .taskjugglerrc or taskjuggler.rc that contains at least the following
lines. Replace 'your_secret_key' with some random character sequence.

_global:
  authKey: your_secret_key

2014-03-04 17:18:55 error tj3webd[9571]: You must set an authentication key in the configuration file. Create a file
named .taskjugglerrc or taskjuggler.rc that contains at least the following
lines. Replace 'your_secret_key' with some random character sequence.

_global:
  authKey: your_secret_key

2014-03-04 17:21:18 error tj3webd[9571]: You must set an authentication key in the configuration file. Create a file
named .taskjugglerrc or taskjuggler.rc that contains at least the following
lines. Replace 'your_secret_key' with some random character sequence.

_global:
  authKey: your_secret_key

2014-03-04 17:21:18 error tj3webd[9571]: You must set an authentication key in the configuration file. Create a file
named .taskjugglerrc or taskjuggler.rc that contains at least the following
lines. Replace 'your_secret_key' with some random character sequence.

_global:
  authKey: your_secret_key

2014-03-04 17:21:19 error tj3webd[9571]: You must set an authentication key in the configuration file. Create a file
named .taskjugglerrc or taskjuggler.rc that contains at least the following
lines. Replace 'your_secret_key' with some random character sequence.

_global:
  authKey: your_secret_key

2014-03-04 17:21:24 error tj3webd[9571]: You must set an authentication key in the configuration file. Create a file
named .taskjugglerrc or taskjuggler.rc that contains at least the following
lines. Replace 'your_secret_key' with some random character sequence.

_global:
  authKey: your_secret_key

2014-03-04 17:21:41 error tj3webd[9571]: You must set an authentication key in the configuration file. Create a file
named .taskjugglerrc or taskjuggler.rc that contains at least the following
lines. Replace 'your_secret_key' with some random character sequence.

_global:
  authKey: your_secret_key

2014-03-04 17:22:23 error tj3webd[9571]: You must set an authentication key in the configuration file. Create a file
named .taskjugglerrc or taskjuggler.rc that contains at least the following
lines. Replace 'your_secret_key' with some random character sequence.

_global:
  authKey: your_secret_key

2014-03-04 17:22:24 error tj3webd[9571]: You must set an authentication key in the configuration file. Create a file
named .taskjugglerrc or taskjuggler.rc that contains at least the following
lines. Replace 'your_secret_key' with some random character sequence.

_global:
  authKey: your_secret_key

2014-03-04 17:22:34 error tj3webd[9571]: You must set an authentication key in the configuration file. Create a file
named .taskjugglerrc or taskjuggler.rc that contains at least the following
lines. Replace 'your_secret_key' with some random character sequence.

_global:
  authKey: your_secret_key

2014-03-04 17:22:35 error tj3webd[9571]: You must set an authentication key in the configuration file. Create a file
named .taskjugglerrc or taskjuggler.rc that contains at least the following
lines. Replace 'your_secret_key' with some random character sequence.

_global:
  authKey: your_secret_key

2014-03-04 17:22:36 error tj3webd[9571]: You must set an authentication key in the configuration file. Create a file
named .taskjugglerrc or taskjuggler.rc that contains at least the following
lines. Replace 'your_secret_key' with some random character sequence.

_global:
  authKey: your_secret_key

